<?xml version="1.0" encoding="UTF-8"?>
<testsuites name="jest tests" tests="1" failures="0" errors="0" time="40.259">
  <testsuite name="src\App.test.jsx" errors="0" failures="0" skipped="0" timestamp="2021-08-10T07:25:35" time="20.506" tests="1">
    <testcase classname=" renders learn react link" name=" renders learn react link" time="0.095">
    </testcase>
  </testsuite>
</testsuites>