<?xml version="1.0" encoding="UTF-8"?>
<testsuites name="jest tests" tests="1" failures="0" errors="0" time="14.042">
  <testsuite name="src\App.test.jsx" errors="0" failures="0" skipped="0" timestamp="2021-08-10T08:04:59" time="7.115" tests="1">
    <testcase classname=" renders learn react link" name=" renders learn react link" time="0.185">
    </testcase>
  </testsuite>
</testsuites>