<?xml version="1.0" encoding="UTF-8"?>
<testsuites name="jest tests" tests="1" failures="0" errors="0" time="34.21">
  <testsuite name="src\__tests__\App.test.jsx" errors="0" failures="0" skipped="0" timestamp="2021-08-04T12:42:43" time="21.58" tests="1">
    <testcase classname=" renders learn react link" name=" renders learn react link" time="0.127">
    </testcase>
  </testsuite>
</testsuites>