<?xml version="1.0" encoding="UTF-8"?>
<testsuites name="jest tests" tests="1" failures="1" errors="0" time="23.764">
  <testsuite name="src\__tests__\App.test.jsx" errors="0" failures="1" skipped="0" timestamp="2021-08-04T08:39:45" time="15.846" tests="1">
    <testcase classname=" renders learn react link" name=" renders learn react link" time="0.156">
      <failure>TestingLibraryElementError: Unable to find an element with the text: Jenkins. This could be because the text is broken up by multiple elements. In this case, you can provide a function for your text matcher to make your matcher more flexible.

Ignored nodes: comments, &lt;script /&gt;, &lt;style /&gt;
&lt;body&gt;
  &lt;div&gt;
    &lt;div
      class=&quot;App&quot;
    &gt;
      &lt;header
        class=&quot;App-header&quot;
      &gt;
        &lt;p&gt;
          Jenkin
        &lt;/p&gt;
      &lt;/header&gt;
    &lt;/div&gt;
  &lt;/div&gt;
&lt;/body&gt;
    at Object.getElementError (C:\Users\ratov\OneDrive\Bureau\jenkins\jenkins\node_modules\@testing-library\dom\dist\config.js:37:19)
    at C:\Users\ratov\OneDrive\Bureau\jenkins\jenkins\node_modules\@testing-library\dom\dist\query-helpers.js:90:38
    at C:\Users\ratov\OneDrive\Bureau\jenkins\jenkins\node_modules\@testing-library\dom\dist\query-helpers.js:62:17
    at getByText (C:\Users\ratov\OneDrive\Bureau\jenkins\jenkins\node_modules\@testing-library\dom\dist\query-helpers.js:111:19)
    at Object.&lt;anonymous&gt; (C:\Users\ratov\OneDrive\Bureau\jenkins\jenkins\src\__tests__\App.test.jsx:18:30)
    at Object.asyncJestTest (C:\Users\ratov\OneDrive\Bureau\jenkins\jenkins\node_modules\jest-jasmine2\build\jasmineAsyncInstall.js:106:37)
    at C:\Users\ratov\OneDrive\Bureau\jenkins\jenkins\node_modules\jest-jasmine2\build\queueRunner.js:45:12
    at new Promise (&lt;anonymous&gt;)
    at mapper (C:\Users\ratov\OneDrive\Bureau\jenkins\jenkins\node_modules\jest-jasmine2\build\queueRunner.js:28:19)
    at C:\Users\ratov\OneDrive\Bureau\jenkins\jenkins\node_modules\jest-jasmine2\build\queueRunner.js:75:41</failure>
    </testcase>
  </testsuite>
</testsuites>